c:\users\maetsu\documents\github\new_home_job\new_home_job\new_home_job\x64\debug\vc143.pdb
c:\users\maetsu\documents\github\new_home_job\new_home_job\new_home_job\x64\debug\vc143.idb
c:\users\maetsu\documents\github\new_home_job\new_home_job\new_home_job\x64\debug\復習問題3.obj
c:\users\maetsu\documents\github\new_home_job\new_home_job\new_home_job\x64\debug\復習問題2.obj
c:\users\maetsu\documents\github\new_home_job\new_home_job\new_home_job\x64\debug\復習問題1.obj
c:\users\maetsu\documents\github\new_home_job\new_home_job\new_home_job\x64\debug\定数.obj
c:\users\maetsu\documents\github\new_home_job\new_home_job\new_home_job\x64\debug\多次元配列書いてみよう①.obj
c:\users\maetsu\documents\github\new_home_job\new_home_job\new_home_job\x64\debug\基礎問題③.obj
c:\users\maetsu\documents\github\new_home_job\new_home_job\new_home_job\x64\debug\基礎問題②.obj
c:\users\maetsu\documents\github\new_home_job\new_home_job\new_home_job\x64\debug\基礎問題.obj
c:\users\maetsu\documents\github\new_home_job\new_home_job\new_home_job\x64\debug\ポインタ⑥.obj
c:\users\maetsu\documents\github\new_home_job\new_home_job\new_home_job\x64\debug\ポインタ⑤.obj
c:\users\maetsu\documents\github\new_home_job\new_home_job\new_home_job\x64\debug\ポインタ.練習問題①.obj
c:\users\maetsu\documents\github\new_home_job\new_home_job\new_home_job\x64\debug\ポインタ④.obj
c:\users\maetsu\documents\github\new_home_job\new_home_job\new_home_job\x64\debug\ポインタ③.obj
c:\users\maetsu\documents\github\new_home_job\new_home_job\new_home_job\x64\debug\ポインタ②.obj
c:\users\maetsu\documents\github\new_home_job\new_home_job\new_home_job\x64\debug\ポインタ①.obj
c:\users\maetsu\documents\github\new_home_job\new_home_job\new_home_job\x64\debug\ビット演算（論理積）.obj
c:\users\maetsu\documents\github\new_home_job\new_home_job\new_home_job\x64\debug\ビット演算演習問題.obj
c:\users\maetsu\documents\github\new_home_job\new_home_job\new_home_job\x64\debug\ソート書いてみよう①.obj
c:\users\maetsu\documents\github\new_home_job\new_home_job\new_home_job\x64\debug\グローバル変数とローカル変数.obj
c:\users\maetsu\documents\github\new_home_job\new_home_job\new_home_job\x64\debug\filename.obj
c:\users\maetsu\documents\github\new_home_job\new_home_job\new_home_job\x64\debug\関数（複数の引数）.obj
c:\users\maetsu\documents\github\new_home_job\new_home_job\new_home_job\x64\debug\関数（戻り値）練習問題2cpp.obj
c:\users\maetsu\documents\github\new_home_job\new_home_job\new_home_job\x64\debug\関数（戻り値）練習問題1.obj
c:\users\maetsu\documents\github\new_home_job\new_home_job\new_home_job\x64\debug\関数（戻り値）.obj
c:\users\maetsu\documents\github\new_home_job\new_home_job\new_home_job\x64\debug\関数（引数なし）.obj
c:\users\maetsu\documents\github\new_home_job\new_home_job\new_home_job\x64\debug\関数（一つの引数）.obj
c:\users\maetsu\documents\github\new_home_job\new_home_job\new_home_job\x64\debug\関数プロトタイプ宣言（main).obj
c:\users\maetsu\documents\github\new_home_job\new_home_job\new_home_job\x64\debug\関数プロトタイプ宣言（add）.obj
c:\users\maetsu\documents\github\new_home_job\new_home_job\new_home_job\x64\debug\関数プロトタイプ宣言.obj
c:\users\maetsu\documents\github\new_home_job\new_home_job\new_home_job\x64\debug\関数の利用③.obj
c:\users\maetsu\documents\github\new_home_job\new_home_job\new_home_job\x64\debug\関数の利用②.obj
c:\users\maetsu\documents\github\new_home_job\new_home_job\new_home_job\x64\debug\関数の利用①.obj
c:\users\maetsu\documents\github\new_home_job\new_home_job\new_home_job\x64\debug\関数の利用.練習問題4.obj
c:\users\maetsu\documents\github\new_home_job\new_home_job\new_home_job\x64\debug\関数の利用.練習問題3.obj
c:\users\maetsu\documents\github\new_home_job\new_home_job\new_home_job\x64\debug\関数の利用.練習問題2.obj
c:\users\maetsu\documents\github\new_home_job\new_home_job\new_home_job\x64\debug\文字操作関数.obj
c:\users\maetsu\documents\github\new_home_job\new_home_job\new_home_job\x64\debug\文字列配列書いてみよう①.obj
c:\users\maetsu\documents\github\new_home_job\new_home_job\new_home_job\x64\debug\ポインタ（numel0n）.obj
c:\users\maetsu\documents\github\new_home_job\new_home_job\new_home_job\x64\debug\ポインタ（基礎）.obj
c:\users\maetsu\documents\github\new_home_job\new_home_job\new_home_job\x64\debug\ポインタ（numel0n・配列）.obj
c:\users\maetsu\documents\github\new_home_job\new_home_job\new_home_job\x64\debug\文字列操作関数.obj
c:\users\maetsu\documents\github\new_home_job\new_home_job\x64\debug\new_home_job.exe
c:\users\maetsu\documents\github\new_home_job\new_home_job\x64\debug\new_home_job.pdb
c:\users\maetsu\documents\github\new_home_job\new_home_job\new_home_job\x64\debug\new_home_job.ilk
c:\users\maetsu\documents\github\new_home_job\new_home_job\new_home_job\x64\debug\add.obj
c:\users\maetsu\documents\github\new_home_job\new_home_job\new_home_job\x64\debug\main.obj
c:\users\maetsu\documents\github\new_home_job\new_home_job\new_home_job\x64\debug\ビット演算①cpp.obj
c:\users\maetsu\documents\github\new_home_job\new_home_job\new_home_job\x64\debug\ポインタ（atm）.obj
c:\users\maetsu\documents\github\new_home_job\new_home_job\new_home_job\x64\debug\ポインタ（ゲームの回復）.obj
c:\users\maetsu\documents\github\new_home_job\new_home_job\new_home_job\x64\debug\練習問題2.obj
c:\users\maetsu\documents\github\new_home_job\new_home_job\new_home_job\x64\debug\練習問題3.obj
c:\users\maetsu\documents\github\new_home_job\new_home_job\new_home_job\x64\debug\関数（戻り値なし）.obj
c:\users\maetsu\documents\github\new_home_job\new_home_job\new_home_job\x64\debug\new_home_job.tlog\cl.command.1.tlog
c:\users\maetsu\documents\github\new_home_job\new_home_job\new_home_job\x64\debug\new_home_job.tlog\cl.items.tlog
c:\users\maetsu\documents\github\new_home_job\new_home_job\new_home_job\x64\debug\new_home_job.tlog\cl.read.1.tlog
c:\users\maetsu\documents\github\new_home_job\new_home_job\new_home_job\x64\debug\new_home_job.tlog\cl.write.1.tlog
c:\users\maetsu\documents\github\new_home_job\new_home_job\new_home_job\x64\debug\new_home_job.tlog\link.command.1.tlog
c:\users\maetsu\documents\github\new_home_job\new_home_job\new_home_job\x64\debug\new_home_job.tlog\link.read.1.tlog
c:\users\maetsu\documents\github\new_home_job\new_home_job\new_home_job\x64\debug\new_home_job.tlog\link.secondary.1.tlog
c:\users\maetsu\documents\github\new_home_job\new_home_job\new_home_job\x64\debug\new_home_job.tlog\link.write.1.tlog
